Traceback (most recent call last):
  File "/Users/chucknmore/projects/joshuafink-website/content_engine_cash_offer/run_daily.py", line 9, in <module>
    from main import load_config, run_batch
  File "/Users/chucknmore/projects/joshuafink-website/content_engine_cash_offer/main.py", line 12, in <module>
    import yaml
ModuleNotFoundError: No module named 'yaml'
2026-04-10 05:30:00,658 [INFO] jfg-cashoffer-engine: Processing: cash offer for my home Nashville TN
2026-04-10 05:30:01,604 [INFO] jfg-cashoffer-engine: Research: 5 sources, 206 words brief
2026-04-10 05:30:46,648 [WARNING] engine.writer: Article only 653 words (min 800), retry 1/2
2026-04-10 05:31:44,204 [INFO] engine.writer: Final word count for 'cash offer for my home Nashville TN': 826
2026-04-10 05:31:44,206 [INFO] jfg-cashoffer-engine: Written: **Getting a Cash Offer for Your Home in Nashville, TN - A Solution to Your Stress** (826 words)
2026-04-10 05:31:55,193 [INFO] jfg-cashoffer-engine: Quality: 7.5 (readability: 9.8)
2026-04-10 05:31:55,195 [INFO] engine.publisher: Saved: /Users/chucknmore/projects/joshuafink-website/content_engine_cash_offer/output/drafts/getting-a-cash-offer-for-your-home-in-nashville-tn-a-solution-to-your-stress.md (score: 7.5)
2026-04-10 05:31:55,197 [INFO] jfg-cashoffer-engine: ✅ Published draft: /Users/chucknmore/projects/joshuafink-website/content_engine_cash_offer/output/drafts/getting-a-cash-offer-for-your-home-in-nashville-tn-a-solution-to-your-stress.md
2026-04-10 05:31:55,197 [INFO] jfg-cashoffer-engine: Processing: sell house as-is Nashville
2026-04-10 05:31:55,855 [INFO] jfg-cashoffer-engine: Research: 5 sources, 206 words brief
2026-04-10 05:32:38,230 [WARNING] engine.writer: Article only 601 words (min 800), retry 1/2
2026-04-10 05:33:44,483 [INFO] engine.writer: Final word count for 'sell house as-is Nashville': 949
2026-04-10 05:33:44,484 [INFO] jfg-cashoffer-engine: Written: **Sell House As-Is Nashville | A Quick and Easy Solution for Distressed Sellers** (949 words)
2026-04-10 05:33:57,831 [INFO] jfg-cashoffer-engine: Quality: 7.5 (readability: 7.2)
2026-04-10 05:33:57,832 [INFO] engine.publisher: Saved: /Users/chucknmore/projects/joshuafink-website/content_engine_cash_offer/output/drafts/sell-house-as-is-nashville-a-quick-and-easy-solution-for-distressed-sellers.md (score: 7.5)
2026-04-10 05:33:57,834 [INFO] jfg-cashoffer-engine: ✅ Published draft: /Users/chucknmore/projects/joshuafink-website/content_engine_cash_offer/output/drafts/sell-house-as-is-nashville-a-quick-and-easy-solution-for-distressed-sellers.md
2026-04-10 05:33:57,835 [INFO] jfg-cashoffer-engine: Batch complete. Written: 2 | Stats: {'drafted': 3, 'queued': 40}
2026-04-13 05:30:00,632 [INFO] jfg-cashoffer-engine: Processing: avoid foreclosure Nashville
2026-04-13 05:30:01,492 [INFO] jfg-cashoffer-engine: Research: 5 sources, 210 words brief
2026-04-13 05:30:41,990 [WARNING] engine.writer: Article only 595 words (min 800), retry 1/2
2026-04-13 05:31:34,572 [WARNING] engine.writer: Article only 750 words (min 800), retry 2/2
2026-04-13 05:32:52,330 [INFO] engine.writer: Final word count for 'avoid foreclosure Nashville': 1111
2026-04-13 05:32:52,331 [INFO] jfg-cashoffer-engine: Written: **Avoid Foreclosure Nashville: Help is Available and a Fast Solution Awaits** (1111 words)
2026-04-13 05:33:03,175 [INFO] jfg-cashoffer-engine: Quality: 7.5 (readability: 11.0)
2026-04-13 05:33:03,177 [INFO] engine.publisher: Saved: /Users/chucknmore/projects/joshuafink-website/content_engine_cash_offer/output/drafts/avoid-foreclosure-nashville-help-is-available-and-a-fast-solution-awaits.md (score: 7.5)
2026-04-13 05:33:03,179 [INFO] jfg-cashoffer-engine: ✅ Published draft: /Users/chucknmore/projects/joshuafink-website/content_engine_cash_offer/output/drafts/avoid-foreclosure-nashville-help-is-available-and-a-fast-solution-awaits.md
2026-04-13 05:33:03,180 [INFO] jfg-cashoffer-engine: Processing: sell inherited house Nashville
2026-04-13 05:33:04,051 [INFO] jfg-cashoffer-engine: Research: 5 sources, 187 words brief
2026-04-13 05:34:03,251 [INFO] engine.writer: Final word count for 'sell inherited house Nashville': 899
2026-04-13 05:34:03,251 [INFO] jfg-cashoffer-engine: Written: Selling an Inherited House in Nashville: A Guide to Help You Navigate the Process (899 words)
2026-04-13 05:34:12,927 [INFO] jfg-cashoffer-engine: Quality: 7.5 (readability: 10.9)
2026-04-13 05:34:12,929 [INFO] engine.publisher: Saved: /Users/chucknmore/projects/joshuafink-website/content_engine_cash_offer/output/drafts/selling-an-inherited-house-in-nashville-a-guide-to-help-you-navigate-the-process.md (score: 7.5)
2026-04-13 05:34:12,931 [INFO] jfg-cashoffer-engine: ✅ Published draft: /Users/chucknmore/projects/joshuafink-website/content_engine_cash_offer/output/drafts/selling-an-inherited-house-in-nashville-a-guide-to-help-you-navigate-the-process.md
2026-04-13 05:34:12,932 [INFO] jfg-cashoffer-engine: Batch complete. Written: 2 | Stats: {'drafted': 5, 'queued': 38}
